# JRE version: OpenJDK Runtime Environment Temurin-17.0.11+9 (17.0.11+9) (build 17.0.11+9)
# Java VM: OpenJDK 64-Bit Server VM Temurin-17.0.11+9 (17.0.11+9, mixed mode, tiered, compressed oops, compressed class ptrs, parallel gc, windows-amd64)
GC Precious Log:
 CPUs: 12 total, 12 available
 Memory: 15773M
 Large Page Support: Disabled
 NUMA Support: Disabled
 Compressed Oops: Enabled (32-bit)
 Alignments: Space 512K, Generation 512K, Heap 2M
 Heap Min Capacity: 100M
 Heap Initial Capacity: 100M
 Heap Max Capacity: 1G
 Pre-touch: Disabled
 Parallel Workers: 10
Heap:
 PSYoungGen      total 4096K, used 2813K [0x00000000eab00000, 0x00000000eb180000, 0x0000000100000000)
  eden space 3584K, 64% used [0x00000000eab00000,0x00000000ead3f578,0x00000000eae80000)
  from space 512K, 100% used [0x00000000eaf00000,0x00000000eaf80000,0x00000000eaf80000)
  to   space 1536K, 0% used [0x00000000eb000000,0x00000000eb000000,0x00000000eb180000)
 ParOldGen       total 281600K, used 246969K [0x00000000c0000000, 0x00000000d1300000, 0x00000000eab00000)
  object space 281600K, 87% used [0x00000000c0000000,0x00000000cf12e4f0,0x00000000d1300000)
 Metaspace       used 87131K, committed 88448K, reserved 1179648K
  class space    used 8600K, committed 9152K, reserved 1048576K
GC Heap History (20 events):
Event: 514.099 GC heap before
{Heap before GC invocations=3092 (full 50):
 PSYoungGen      total 4608K, used 4288K [0x00000000eab00000, 0x00000000eb100000, 0x0000000100000000)
  eden space 3584K, 100% used [0x00000000eab00000,0x00000000eae80000,0x00000000eae80000)
  from space 1024K, 68% used [0x00000000eb000000,0x00000000eb0b0000,0x00000000eb100000)
  to   space 1024K, 0% used [0x00000000eae80000,0x00000000eae80000,0x00000000eaf80000)
 ParOldGen       total 281088K, used 278733K [0x00000000c0000000, 0x00000000d1280000, 0x00000000eab00000)
  object space 281088K, 99% used [0x00000000c0000000,0x00000000d1033538,0x00000000d1280000)
 Metaspace       used 87129K, committed 88448K, reserved 1179648K
  class space    used 8600K, committed 9152K, reserved 1048576K
}
Event: 514.103 GC heap after
{Heap after GC invocations=3092 (full 50):
 PSYoungGen      total 4608K, used 992K [0x00000000eab00000, 0x00000000eb180000, 0x0000000100000000)
  eden space 3584K, 0% used [0x00000000eab00000,0x00000000eab00000,0x00000000eae80000)
  from space 1024K, 96% used [0x00000000eae80000,0x00000000eaf78000,0x00000000eaf80000)
  to   space 1536K, 0% used [0x00000000eb000000,0x00000000eb000000,0x00000000eb180000)
 ParOldGen       total 281088K, used 279370K [0x00000000c0000000, 0x00000000d1280000, 0x00000000eab00000)
  object space 281088K, 99% used [0x00000000c0000000,0x00000000d10d28d8,0x00000000d1280000)
 Metaspace       used 87129K, committed 88448K, reserved 1179648K
  class space    used 8600K, committed 9152K, reserved 1048576K
}
Event: 514.128 GC heap before
{Heap before GC invocations=3093 (full 50):
 PSYoungGen      total 4608K, used 4576K [0x00000000eab00000, 0x00000000eb180000, 0x0000000100000000)
  eden space 3584K, 100% used [0x00000000eab00000,0x00000000eae80000,0x00000000eae80000)
  from space 1024K, 96% used [0x00000000eae80000,0x00000000eaf78000,0x00000000eaf80000)
  to   space 1536K, 0% used [0x00000000eb000000,0x00000000eb000000,0x00000000eb180000)
 ParOldGen       total 281088K, used 279370K [0x00000000c0000000, 0x00000000d1280000, 0x00000000eab00000)
  object space 281088K, 99% used [0x00000000c0000000,0x00000000d10d28d8,0x00000000d1280000)
 Metaspace       used 87129K, committed 88448K, reserved 1179648K
  class space    used 8600K, committed 9152K, reserved 1048576K
}
Event: 514.132 GC heap after
{Heap after GC invocations=3093 (full 50):
 PSYoungGen      total 4608K, used 960K [0x00000000eab00000, 0x00000000eb100000, 0x0000000100000000)
  eden space 3584K, 0% used [0x00000000eab00000,0x00000000eab00000,0x00000000eae80000)
  from space 1024K, 93% used [0x00000000eb000000,0x00000000eb0f0000,0x00000000eb100000)
  to   space 1024K, 0% used [0x00000000eae80000,0x00000000eae80000,0x00000000eaf80000)
 ParOldGen       total 281088K, used 280212K [0x00000000c0000000, 0x00000000d1280000, 0x00000000eab00000)
  object space 281088K, 99% used [0x00000000c0000000,0x00000000d11a5050,0x00000000d1280000)
 Metaspace       used 87129K, committed 88448K, reserved 1179648K
  class space    used 8600K, committed 9152K, reserved 1048576K
}
Event: 514.132 GC heap before
{Heap before GC invocations=3094 (full 51):
 PSYoungGen      total 4608K, used 960K [0x00000000eab00000, 0x00000000eb100000, 0x0000000100000000)
  eden space 3584K, 0% used [0x00000000eab00000,0x00000000eab00000,0x00000000eae80000)
  from space 1024K, 93% used [0x00000000eb000000,0x00000000eb0f0000,0x00000000eb100000)
  to   space 1024K, 0% used [0x00000000eae80000,0x00000000eae80000,0x00000000eaf80000)
 ParOldGen       total 281088K, used 280212K [0x00000000c0000000, 0x00000000d1280000, 0x00000000eab00000)
  object space 281088K, 99% used [0x00000000c0000000,0x00000000d11a5050,0x00000000d1280000)
 Metaspace       used 87129K, committed 88448K, reserved 1179648K
  class space    used 8600K, committed 9152K, reserved 1048576K
}
Event: 514.319 GC heap after
{Heap after GC invocations=3094 (full 51):
 PSYoungGen      total 4608K, used 0K [0x00000000eab00000, 0x00000000eb080000, 0x0000000100000000)
  eden space 3584K, 0% used [0x00000000eab00000,0x00000000eab00000,0x00000000eae80000)
  from space 1024K, 0% used [0x00000000eae80000,0x00000000eae80000,0x00000000eaf80000)
  to   space 1024K, 0% used [0x00000000eaf80000,0x00000000eaf80000,0x00000000eb080000)
 ParOldGen       total 281600K, used 243455K [0x00000000c0000000, 0x00000000d1300000, 0x00000000eab00000)
  object space 281600K, 86% used [0x00000000c0000000,0x00000000cedbfc80,0x00000000d1300000)
 Metaspace       used 87129K, committed 88448K, reserved 1179648K
  class space    used 8600K, committed 9152K, reserved 1048576K
}
Event: 514.329 GC heap before
{Heap before GC invocations=3095 (full 51):
 PSYoungGen      total 4608K, used 3581K [0x00000000eab00000, 0x00000000eb080000, 0x0000000100000000)
  eden space 3584K, 99% used [0x00000000eab00000,0x00000000eae7f4e8,0x00000000eae80000)
  from space 1024K, 0% used [0x00000000eae80000,0x00000000eae80000,0x00000000eaf80000)
  to   space 1024K, 0% used [0x00000000eaf80000,0x00000000eaf80000,0x00000000eb080000)
 ParOldGen       total 281600K, used 243455K [0x00000000c0000000, 0x00000000d1300000, 0x00000000eab00000)
  object space 281600K, 86% used [0x00000000c0000000,0x00000000cedbfc80,0x00000000d1300000)
 Metaspace       used 87129K, committed 88448K, reserved 1179648K
  class space    used 8600K, committed 9152K, reserved 1048576K
}
Event: 514.332 GC heap after
{Heap after GC invocations=3095 (full 51):
 PSYoungGen      total 4608K, used 656K [0x00000000eab00000, 0x00000000eb080000, 0x0000000100000000)
  eden space 3584K, 0% used [0x00000000eab00000,0x00000000eab00000,0x00000000eae80000)
  from space 1024K, 64% used [0x00000000eaf80000,0x00000000eb024010,0x00000000eb080000)
  to   space 1024K, 0% used [0x00000000eae80000,0x00000000eae80000,0x00000000eaf80000)
 ParOldGen       total 281600K, used 243455K [0x00000000c0000000, 0x00000000d1300000, 0x00000000eab00000)
  object space 281600K, 86% used [0x00000000c0000000,0x00000000cedbfc80,0x00000000d1300000)
 Metaspace       used 87129K, committed 88448K, reserved 1179648K
  class space    used 8600K, committed 9152K, reserved 1048576K
}
Event: 514.345 GC heap before
{Heap before GC invocations=3096 (full 51):
 PSYoungGen      total 4608K, used 4240K [0x00000000eab00000, 0x00000000eb080000, 0x0000000100000000)
  eden space 3584K, 100% used [0x00000000eab00000,0x00000000eae80000,0x00000000eae80000)
  from space 1024K, 64% used [0x00000000eaf80000,0x00000000eb024010,0x00000000eb080000)
  to   space 1024K, 0% used [0x00000000eae80000,0x00000000eae80000,0x00000000eaf80000)
 ParOldGen       total 281600K, used 243455K [0x00000000c0000000, 0x00000000d1300000, 0x00000000eab00000)
  object space 281600K, 86% used [0x00000000c0000000,0x00000000cedbfc80,0x00000000d1300000)
 Metaspace       used 87129K, committed 88448K, reserved 1179648K
  class space    used 8600K, committed 9152K, reserved 1048576K
}
Event: 514.348 GC heap after
{Heap after GC invocations=3096 (full 51):
 PSYoungGen      total 4608K, used 704K [0x00000000eab00000, 0x00000000eb080000, 0x0000000100000000)
  eden space 3584K, 0% used [0x00000000eab00000,0x00000000eab00000,0x00000000eae80000)
  from space 1024K, 68% used [0x00000000eae80000,0x00000000eaf30000,0x00000000eaf80000)
  to   space 1024K, 0% used [0x00000000eaf80000,0x00000000eaf80000,0x00000000eb080000)
 ParOldGen       total 281600K, used 243975K [0x00000000c0000000, 0x00000000d1300000, 0x00000000eab00000)
  object space 281600K, 86% used [0x00000000c0000000,0x00000000cee41c80,0x00000000d1300000)
 Metaspace       used 87129K, committed 88448K, reserved 1179648K
  class space    used 8600K, committed 9152K, reserved 1048576K
}
Event: 514.364 GC heap before
{Heap before GC invocations=3097 (full 51):
 PSYoungGen      total 4608K, used 4288K [0x00000000eab00000, 0x00000000eb080000, 0x0000000100000000)
  eden space 3584K, 100% used [0x00000000eab00000,0x00000000eae80000,0x00000000eae80000)
  from space 1024K, 68% used [0x00000000eae80000,0x00000000eaf30000,0x00000000eaf80000)
  to   space 1024K, 0% used [0x00000000eaf80000,0x00000000eaf80000,0x00000000eb080000)
 ParOldGen       total 281600K, used 243975K [0x00000000c0000000, 0x00000000d1300000, 0x00000000eab00000)
  object space 281600K, 86% used [0x00000000c0000000,0x00000000cee41c80,0x00000000d1300000)
 Metaspace       used 87129K, committed 88448K, reserved 1179648K
  class space    used 8600K, committed 9152K, reserved 1048576K
}
Event: 514.367 GC heap after
{Heap after GC invocations=3097 (full 51):
 PSYoungGen      total 4608K, used 800K [0x00000000eab00000, 0x00000000eb080000, 0x0000000100000000)
  eden space 3584K, 0% used [0x00000000eab00000,0x00000000eab00000,0x00000000eae80000)
  from space 1024K, 78% used [0x00000000eaf80000,0x00000000eb048020,0x00000000eb080000)
  to   space 1024K, 0% used [0x00000000eae80000,0x00000000eae80000,0x00000000eaf80000)
 ParOldGen       total 281600K, used 244571K [0x00000000c0000000, 0x00000000d1300000, 0x00000000eab00000)
  object space 281600K, 86% used [0x00000000c0000000,0x00000000ceed6e20,0x00000000d1300000)
 Metaspace       used 87129K, committed 88448K, reserved 1179648K
  class space    used 8600K, committed 9152K, reserved 1048576K
}
Event: 514.377 GC heap before
{Heap before GC invocations=3098 (full 51):
 PSYoungGen      total 4608K, used 4384K [0x00000000eab00000, 0x00000000eb080000, 0x0000000100000000)
  eden space 3584K, 100% used [0x00000000eab00000,0x00000000eae80000,0x00000000eae80000)
  from space 1024K, 78% used [0x00000000eaf80000,0x00000000eb048020,0x00000000eb080000)
  to   space 1024K, 0% used [0x00000000eae80000,0x00000000eae80000,0x00000000eaf80000)
 ParOldGen       total 281600K, used 244571K [0x00000000c0000000, 0x00000000d1300000, 0x00000000eab00000)
  object space 281600K, 86% used [0x00000000c0000000,0x00000000ceed6e20,0x00000000d1300000)
 Metaspace       used 87129K, committed 88448K, reserved 1179648K
  class space    used 8600K, committed 9152K, reserved 1048576K
}
Event: 514.379 GC heap after
{Heap after GC invocations=3098 (full 51):
 PSYoungGen      total 4608K, used 896K [0x00000000eab00000, 0x00000000eb080000, 0x0000000100000000)
  eden space 3584K, 0% used [0x00000000eab00000,0x00000000eab00000,0x00000000eae80000)
  from space 1024K, 87% used [0x00000000eae80000,0x00000000eaf60020,0x00000000eaf80000)
  to   space 1024K, 0% used [0x00000000eaf80000,0x00000000eaf80000,0x00000000eb080000)
 ParOldGen       total 281600K, used 245181K [0x00000000c0000000, 0x00000000d1300000, 0x00000000eab00000)
  object space 281600K, 87% used [0x00000000c0000000,0x00000000cef6f4d0,0x00000000d1300000)
 Metaspace       used 87129K, committed 88448K, reserved 1179648K
  class space    used 8600K, committed 9152K, reserved 1048576K
}
Event: 514.385 GC heap before
{Heap before GC invocations=3099 (full 51):
 PSYoungGen      total 4608K, used 4480K [0x00000000eab00000, 0x00000000eb080000, 0x0000000100000000)
  eden space 3584K, 100% used [0x00000000eab00000,0x00000000eae80000,0x00000000eae80000)
  from space 1024K, 87% used [0x00000000eae80000,0x00000000eaf60020,0x00000000eaf80000)
  to   space 1024K, 0% used [0x00000000eaf80000,0x00000000eaf80000,0x00000000eb080000)
 ParOldGen       total 281600K, used 245181K [0x00000000c0000000, 0x00000000d1300000, 0x00000000eab00000)
  object space 281600K, 87% used [0x00000000c0000000,0x00000000cef6f4d0,0x00000000d1300000)
 Metaspace       used 87129K, committed 88448K, reserved 1179648K
  class space    used 8600K, committed 9152K, reserved 1048576K
}
Event: 514.389 GC heap after
{Heap after GC invocations=3099 (full 51):
 PSYoungGen      total 4608K, used 992K [0x00000000eab00000, 0x00000000eb180000, 0x0000000100000000)
  eden space 3584K, 0% used [0x00000000eab00000,0x00000000eab00000,0x00000000eae80000)
  from space 1024K, 96% used [0x00000000eaf80000,0x00000000eb078020,0x00000000eb080000)
  to   space 1024K, 0% used [0x00000000eae80000,0x00000000eae80000,0x00000000eaf80000)
 ParOldGen       total 281600K, used 245878K [0x00000000c0000000, 0x00000000d1300000, 0x00000000eab00000)
  object space 281600K, 87% used [0x00000000c0000000,0x00000000cf01d858,0x00000000d1300000)
 Metaspace       used 87129K, committed 88448K, reserved 1179648K
  class space    used 8600K, committed 9152K, reserved 1048576K
}
Event: 514.598 GC heap before
{Heap before GC invocations=3100 (full 51):
 PSYoungGen      total 4608K, used 4576K [0x00000000eab00000, 0x00000000eb180000, 0x0000000100000000)
  eden space 3584K, 100% used [0x00000000eab00000,0x00000000eae80000,0x00000000eae80000)
  from space 1024K, 96% used [0x00000000eaf80000,0x00000000eb078020,0x00000000eb080000)
  to   space 1024K, 0% used [0x00000000eae80000,0x00000000eae80000,0x00000000eaf80000)
 ParOldGen       total 281600K, used 245878K [0x00000000c0000000, 0x00000000d1300000, 0x00000000eab00000)
  object space 281600K, 87% used [0x00000000c0000000,0x00000000cf01d858,0x00000000d1300000)
 Metaspace       used 87129K, committed 88448K, reserved 1179648K
  class space    used 8600K, committed 9152K, reserved 1048576K
}
Event: 514.599 GC heap after
{Heap after GC invocations=3100 (full 51):
 PSYoungGen      total 4608K, used 576K [0x00000000eab00000, 0x00000000eb080000, 0x0000000100000000)
  eden space 3584K, 0% used [0x00000000eab00000,0x00000000eab00000,0x00000000eae80000)
  from space 1024K, 56% used [0x00000000eae80000,0x00000000eaf10020,0x00000000eaf80000)
  to   space 1024K, 0% used [0x00000000eaf80000,0x00000000eaf80000,0x00000000eb080000)
 ParOldGen       total 281600K, used 246348K [0x00000000c0000000, 0x00000000d1300000, 0x00000000eab00000)
  object space 281600K, 87% used [0x00000000c0000000,0x00000000cf093170,0x00000000d1300000)
 Metaspace       used 87129K, committed 88448K, reserved 1179648K
  class space    used 8600K, committed 9152K, reserved 1048576K
}
Event: 514.651 GC heap before
{Heap before GC invocations=3101 (full 51):
 PSYoungGen      total 4608K, used 4160K [0x00000000eab00000, 0x00000000eb080000, 0x0000000100000000)
  eden space 3584K, 100% used [0x00000000eab00000,0x00000000eae80000,0x00000000eae80000)
  from space 1024K, 56% used [0x00000000eae80000,0x00000000eaf10020,0x00000000eaf80000)
  to   space 1024K, 0% used [0x00000000eaf80000,0x00000000eaf80000,0x00000000eb080000)
 ParOldGen       total 281600K, used 246348K [0x00000000c0000000, 0x00000000d1300000, 0x00000000eab00000)
  object space 281600K, 87% used [0x00000000c0000000,0x00000000cf093170,0x00000000d1300000)
 Metaspace       used 87130K, committed 88448K, reserved 1179648K
  class space    used 8600K, committed 9152K, reserved 1048576K
}
Event: 514.653 GC heap after
{Heap after GC invocations=3101 (full 51):
 PSYoungGen      total 4096K, used 256K [0x00000000eab00000, 0x00000000eb000000, 0x0000000100000000)
  eden space 3584K, 0% used [0x00000000eab00000,0x00000000eab00000,0x00000000eae80000)
  from space 512K, 50% used [0x00000000eaf80000,0x00000000eafc0000,0x00000000eb000000)
  to   space 512K, 0% used [0x00000000eaf00000,0x00000000eaf00000,0x00000000eaf80000)
 ParOldGen       total 281600K, used 246404K [0x00000000c0000000, 0x00000000d1300000, 0x00000000eab00000)
  object space 281600K, 87% used [0x00000000c0000000,0x00000000cf0a1170,0x00000000d1300000)
 Metaspace       used 87130K, committed 88448K, reserved 1179648K
  class space    used 8600K, committed 9152K, reserved 1048576K
}

